<?xml version="1.0" encoding="UTF-8"?>
<!-- Generated by org.testng.reporters.JUnitXMLReporter -->
<testsuite ignored="2" hostname="Mo-Gad" failures="0" tests="1" name="Default test" time="30.616" errors="0" timestamp="2024-03-08T01:05:57 EET">
  <testcase classname="Tests.AutomationDemo" name="getNumberOfRecordsFound" time="0.651"/>
  <testcase classname="Tests.AutomationDemo" name="searchForaddedUserSuccessfully" time="0.0">
    <ignored/>
  </testcase> <!-- searchForaddedUserSuccessfully -->
  <testcase classname="Tests.AutomationDemo" name="addNewRecord" time="0.0">
    <ignored/>
  </testcase> <!-- addNewRecord -->
</testsuite> <!-- Default test -->
