<?xml version="1.0" encoding="UTF-8"?>
<testng-results ignored="2" total="3" passed="1" failed="0" skipped="0">
  <reporter-output>
  </reporter-output>
  <suite started-at="2024-03-08T01:05:26 EET" name="Default suite" finished-at="2024-03-08T01:05:57 EET" duration-ms="30616">
    <groups>
    </groups>
    <test started-at="2024-03-08T01:05:26 EET" name="Default test" finished-at="2024-03-08T01:05:57 EET" duration-ms="30616">
      <class name="Tests.AutomationDemo">
        <test-method is-config="true" signature="setup()[pri:0, instance:Tests.AutomationDemo@1e6a3214]" started-at="2024-03-08T01:05:27 EET" name="setup" finished-at="2024-03-08T01:05:51 EET" duration-ms="24628" status="PASS">
          <reporter-output>
          </reporter-output>
        </test-method> <!-- setup -->
        <test-method signature="getNumberOfRecordsFound()[pri:0, instance:Tests.AutomationDemo@1e6a3214]" started-at="2024-03-08T01:05:51 EET" name="getNumberOfRecordsFound" finished-at="2024-03-08T01:05:52 EET" duration-ms="651" status="PASS">
          <reporter-output>
          </reporter-output>
        </test-method> <!-- getNumberOfRecordsFound -->
        <test-method is-config="true" signature="tearDown()[pri:0, instance:Tests.AutomationDemo@1e6a3214]" started-at="2024-03-08T01:05:52 EET" name="tearDown" finished-at="2024-03-08T01:05:57 EET" duration-ms="5025" status="PASS">
          <reporter-output>
          </reporter-output>
        </test-method> <!-- tearDown -->
      </class> <!-- Tests.AutomationDemo -->
    </test> <!-- Default test -->
  </suite> <!-- Default suite -->
</testng-results>
