<?xml version="1.0" encoding="UTF-8"?>
<testng-results ignored="0" total="1" passed="1" failed="0" skipped="0">
  <reporter-output>
  </reporter-output>
  <suite started-at="2024-03-06T23:56:27 EET" name="Default suite" finished-at="2024-03-06T23:56:58 EET" duration-ms="31034">
    <groups>
    </groups>
    <test started-at="2024-03-06T23:56:27 EET" name="Default test" finished-at="2024-03-06T23:56:58 EET" duration-ms="31034">
      <class name="Tests.AutomationDemo">
        <test-method is-config="true" signature="setup()[pri:0, instance:Tests.AutomationDemo@60099951]" started-at="2024-03-06T23:56:28 EET" name="setup" finished-at="2024-03-06T23:56:49 EET" duration-ms="21391" status="PASS">
          <reporter-output>
          </reporter-output>
        </test-method> <!-- setup -->
        <test-method signature="loginSuccessfully()[pri:0, instance:Tests.AutomationDemo@60099951]" started-at="2024-03-06T23:56:49 EET" name="loginSuccessfully" finished-at="2024-03-06T23:56:55 EET" duration-ms="6089" status="PASS">
          <reporter-output>
          </reporter-output>
        </test-method> <!-- loginSuccessfully -->
        <test-method is-config="true" signature="tearDown()[pri:0, instance:Tests.AutomationDemo@60099951]" started-at="2024-03-06T23:56:55 EET" name="tearDown" finished-at="2024-03-06T23:56:58 EET" duration-ms="3312" status="PASS">
          <reporter-output>
          </reporter-output>
        </test-method> <!-- tearDown -->
      </class> <!-- Tests.AutomationDemo -->
    </test> <!-- Default test -->
  </suite> <!-- Default suite -->
</testng-results>
